This is pdfTeX, Version 3.1415926-2.4-1.40.13 (TeX Live 2012/Debian) (format=latex 2013.4.20)  22 JUN 2013 08:47
entering extended mode
 restricted \write18 enabled.
 %&-line parsing enabled.
**api.tex
(./api.tex
LaTeX2e <2011/06/27>
Babel <v3.8m> and hyphenation patterns for english, dumylang, nohyphenation, lo
aded.
(/usr/share/texlive/texmf-dist/tex/latex/base/article.cls
Document Class: article 2007/10/19 v1.4h Standard LaTeX document class
(/usr/share/texlive/texmf-dist/tex/latex/base/size10.clo
File: size10.clo 2007/10/19 v1.4h Standard LaTeX file (size option)
)
\c@part=\count79
\c@section=\count80
\c@subsection=\count81
\c@subsubsection=\count82
\c@paragraph=\count83
\c@subparagraph=\count84
\c@figure=\count85
\c@table=\count86
\abovecaptionskip=\skip41
\belowcaptionskip=\skip42
\bibindent=\dimen102
)
(/usr/share/texlive/texmf-dist/tex/latex/base/alltt.sty
Package: alltt 1997/06/16 v2.0g defines alltt environment
)
(/usr/share/texlive/texmf-dist/tex/latex/parskip/parskip.sty
Package: parskip 2001/04/09 non-zero parskip adjustments
)
(/usr/share/texlive/texmf-dist/tex/latex/fancyhdr/fancyhdr.sty
\fancy@headwidth=\skip43
\f@ncyO@elh=\skip44
\f@ncyO@erh=\skip45
\f@ncyO@olh=\skip46
\f@ncyO@orh=\skip47
\f@ncyO@elf=\skip48
\f@ncyO@erf=\skip49
\f@ncyO@olf=\skip50
\f@ncyO@orf=\skip51
)
(/usr/share/texlive/texmf-dist/tex/latex/boxedminipage/boxedminipage.sty)
(/usr/share/texlive/texmf-dist/tex/latex/base/makeidx.sty
Package: makeidx 2000/03/29 v1.0m Standard LaTeX package
)
(/usr/share/texlive/texmf-dist/tex/latex/multirow/multirow.sty
\bigstrutjot=\dimen103
)
(/usr/share/texlive/texmf-dist/tex/latex/tools/longtable.sty
Package: longtable 2004/02/01 v4.11 Multi-page Table package (DPC)
\LTleft=\skip52
\LTright=\skip53
\LTpre=\skip54
\LTpost=\skip55
\LTchunksize=\count87
\LTcapwidth=\dimen104
\LT@head=\box26
\LT@firsthead=\box27
\LT@foot=\box28
\LT@lastfoot=\box29
\LT@cols=\count88
\LT@rows=\count89
\c@LT@tables=\count90
\c@LT@chunks=\count91
\LT@p@ftn=\toks14
)
(/usr/share/texlive/texmf-dist/tex/latex/tocbibind/tocbibind.sty
Package: tocbibind 2010/10/13 v1.5k extra ToC listings
Package tocbibind Info: The document has section divisions on input line 50.


Package tocbibind Note: Using section or other style headings.

) (/usr/share/texlive/texmf-dist/tex/latex/amsfonts/amssymb.sty
Package: amssymb 2009/06/22 v3.00

(/usr/share/texlive/texmf-dist/tex/latex/amsfonts/amsfonts.sty
Package: amsfonts 2009/06/22 v3.00 Basic AMSFonts support
\@emptytoks=\toks15
\symAMSa=\mathgroup4
\symAMSb=\mathgroup5
LaTeX Font Info:    Overwriting math alphabet `\mathfrak' in version `bold'
(Font)                  U/euf/m/n --> U/euf/b/n on input line 96.
))
(/usr/share/texlive/texmf-dist/tex/latex/base/fontenc.sty
Package: fontenc 2005/09/27 v1.99g Standard LaTeX package

(/usr/share/texlive/texmf-dist/tex/latex/base/t1enc.def
File: t1enc.def 2005/09/27 v1.99g Standard LaTeX file
LaTeX Font Info:    Redeclaring font encoding T1 on input line 43.
))
(/usr/share/texmf/tex/latex/lm/lmodern.sty
Package: lmodern 2009/10/30 v1.6 Latin Modern Fonts
LaTeX Font Info:    Overwriting symbol font `operators' in version `normal'
(Font)                  OT1/cmr/m/n --> OT1/lmr/m/n on input line 22.
LaTeX Font Info:    Overwriting symbol font `letters' in version `normal'
(Font)                  OML/cmm/m/it --> OML/lmm/m/it on input line 23.
LaTeX Font Info:    Overwriting symbol font `symbols' in version `normal'
(Font)                  OMS/cmsy/m/n --> OMS/lmsy/m/n on input line 24.
LaTeX Font Info:    Overwriting symbol font `largesymbols' in version `normal'
(Font)                  OMX/cmex/m/n --> OMX/lmex/m/n on input line 25.
LaTeX Font Info:    Overwriting symbol font `operators' in version `bold'
(Font)                  OT1/cmr/bx/n --> OT1/lmr/bx/n on input line 26.
LaTeX Font Info:    Overwriting symbol font `letters' in version `bold'
(Font)                  OML/cmm/b/it --> OML/lmm/b/it on input line 27.
LaTeX Font Info:    Overwriting symbol font `symbols' in version `bold'
(Font)                  OMS/cmsy/b/n --> OMS/lmsy/b/n on input line 28.
LaTeX Font Info:    Overwriting symbol font `largesymbols' in version `bold'
(Font)                  OMX/cmex/m/n --> OMX/lmex/m/n on input line 29.
LaTeX Font Info:    Overwriting math alphabet `\mathbf' in version `normal'
(Font)                  OT1/cmr/bx/n --> OT1/lmr/bx/n on input line 31.
LaTeX Font Info:    Overwriting math alphabet `\mathsf' in version `normal'
(Font)                  OT1/cmss/m/n --> OT1/lmss/m/n on input line 32.
LaTeX Font Info:    Overwriting math alphabet `\mathit' in version `normal'
(Font)                  OT1/cmr/m/it --> OT1/lmr/m/it on input line 33.
LaTeX Font Info:    Overwriting math alphabet `\mathtt' in version `normal'
(Font)                  OT1/cmtt/m/n --> OT1/lmtt/m/n on input line 34.
LaTeX Font Info:    Overwriting math alphabet `\mathbf' in version `bold'
(Font)                  OT1/cmr/bx/n --> OT1/lmr/bx/n on input line 35.
LaTeX Font Info:    Overwriting math alphabet `\mathsf' in version `bold'
(Font)                  OT1/cmss/bx/n --> OT1/lmss/bx/n on input line 36.
LaTeX Font Info:    Overwriting math alphabet `\mathit' in version `bold'
(Font)                  OT1/cmr/bx/it --> OT1/lmr/bx/it on input line 37.
LaTeX Font Info:    Overwriting math alphabet `\mathtt' in version `bold'
(Font)                  OT1/cmtt/m/n --> OT1/lmtt/m/n on input line 38.
)
(/usr/share/texlive/texmf-dist/tex/latex/preprint/fullpage.sty
Package: fullpage 1999/02/23 1.1 (PWD)
\FP@margin=\skip56
)
(/usr/share/texlive/texmf-dist/tex/latex/graphics/color.sty
Package: color 2005/11/14 v1.0j Standard LaTeX Color (DPC)

(/usr/share/texlive/texmf-dist/tex/latex/latexconfig/color.cfg
File: color.cfg 2007/01/18 v1.5 color configuration of teTeX/TeXLive
)
Package color Info: Driver file: dvips.def on input line 130.

(/usr/share/texlive/texmf-dist/tex/latex/graphics/dvips.def
File: dvips.def 1999/02/16 v3.0i Driver-dependant file (DPC,SPQR)
)
(/usr/share/texlive/texmf-dist/tex/latex/graphics/dvipsnam.def
File: dvipsnam.def 1999/02/16 v3.0i Driver-dependant file (DPC,SPQR)
))
\BCL=\skip57
Package color Info: Redefining color py@inputcolour on input line 37.
\funcindent=\skip58
\funcwidth=\skip59
\varindent=\skip60
\varnamewidth=\skip61
\vardescrwidth=\skip62
\varwidth=\skip63

(/usr/share/texlive/texmf-dist/tex/latex/base/inputenc.sty
Package: inputenc 2008/03/30 v1.1d Input encoding file
\inpenc@prehook=\toks16
\inpenc@posthook=\toks17

(/usr/share/texlive/texmf-dist/tex/latex/base/utf8.def
File: utf8.def 2008/04/05 v1.1m UTF-8 support for inputenc
Now handling font encoding OML ...
... no UTF-8 mapping file for font encoding OML
Now handling font encoding T1 ...
... processing UTF-8 mapping file for font encoding T1

(/usr/share/texlive/texmf-dist/tex/latex/base/t1enc.dfu
File: t1enc.dfu 2008/04/05 v1.1m UTF-8 support for inputenc
   defining Unicode char U+00A1 (decimal 161)
   defining Unicode char U+00A3 (decimal 163)
   defining Unicode char U+00AB (decimal 171)
   defining Unicode char U+00BB (decimal 187)
   defining Unicode char U+00BF (decimal 191)
   defining Unicode char U+00C0 (decimal 192)
   defining Unicode char U+00C1 (decimal 193)
   defining Unicode char U+00C2 (decimal 194)
   defining Unicode char U+00C3 (decimal 195)
   defining Unicode char U+00C4 (decimal 196)
   defining Unicode char U+00C5 (decimal 197)
   defining Unicode char U+00C6 (decimal 198)
   defining Unicode char U+00C7 (decimal 199)
   defining Unicode char U+00C8 (decimal 200)
   defining Unicode char U+00C9 (decimal 201)
   defining Unicode char U+00CA (decimal 202)
   defining Unicode char U+00CB (decimal 203)
   defining Unicode char U+00CC (decimal 204)
   defining Unicode char U+00CD (decimal 205)
   defining Unicode char U+00CE (decimal 206)
   defining Unicode char U+00CF (decimal 207)
   defining Unicode char U+00D0 (decimal 208)
   defining Unicode char U+00D1 (decimal 209)
   defining Unicode char U+00D2 (decimal 210)
   defining Unicode char U+00D3 (decimal 211)
   defining Unicode char U+00D4 (decimal 212)
   defining Unicode char U+00D5 (decimal 213)
   defining Unicode char U+00D6 (decimal 214)
   defining Unicode char U+00D8 (decimal 216)
   defining Unicode char U+00D9 (decimal 217)
   defining Unicode char U+00DA (decimal 218)
   defining Unicode char U+00DB (decimal 219)
   defining Unicode char U+00DC (decimal 220)
   defining Unicode char U+00DD (decimal 221)
   defining Unicode char U+00DE (decimal 222)
   defining Unicode char U+00DF (decimal 223)
   defining Unicode char U+00E0 (decimal 224)
   defining Unicode char U+00E1 (decimal 225)
   defining Unicode char U+00E2 (decimal 226)
   defining Unicode char U+00E3 (decimal 227)
   defining Unicode char U+00E4 (decimal 228)
   defining Unicode char U+00E5 (decimal 229)
   defining Unicode char U+00E6 (decimal 230)
   defining Unicode char U+00E7 (decimal 231)
   defining Unicode char U+00E8 (decimal 232)
   defining Unicode char U+00E9 (decimal 233)
   defining Unicode char U+00EA (decimal 234)
   defining Unicode char U+00EB (decimal 235)
   defining Unicode char U+00EC (decimal 236)
   defining Unicode char U+00ED (decimal 237)
   defining Unicode char U+00EE (decimal 238)
   defining Unicode char U+00EF (decimal 239)
   defining Unicode char U+00F0 (decimal 240)
   defining Unicode char U+00F1 (decimal 241)
   defining Unicode char U+00F2 (decimal 242)
   defining Unicode char U+00F3 (decimal 243)
   defining Unicode char U+00F4 (decimal 244)
   defining Unicode char U+00F5 (decimal 245)
   defining Unicode char U+00F6 (decimal 246)
   defining Unicode char U+00F8 (decimal 248)
   defining Unicode char U+00F9 (decimal 249)
   defining Unicode char U+00FA (decimal 250)
   defining Unicode char U+00FB (decimal 251)
   defining Unicode char U+00FC (decimal 252)
   defining Unicode char U+00FD (decimal 253)
   defining Unicode char U+00FE (decimal 254)
   defining Unicode char U+00FF (decimal 255)
   defining Unicode char U+0102 (decimal 258)
   defining Unicode char U+0103 (decimal 259)
   defining Unicode char U+0104 (decimal 260)
   defining Unicode char U+0105 (decimal 261)
   defining Unicode char U+0106 (decimal 262)
   defining Unicode char U+0107 (decimal 263)
   defining Unicode char U+010C (decimal 268)
   defining Unicode char U+010D (decimal 269)
   defining Unicode char U+010E (decimal 270)
   defining Unicode char U+010F (decimal 271)
   defining Unicode char U+0110 (decimal 272)
   defining Unicode char U+0111 (decimal 273)
   defining Unicode char U+0118 (decimal 280)
   defining Unicode char U+0119 (decimal 281)
   defining Unicode char U+011A (decimal 282)
   defining Unicode char U+011B (decimal 283)
   defining Unicode char U+011E (decimal 286)
   defining Unicode char U+011F (decimal 287)
   defining Unicode char U+0130 (decimal 304)
   defining Unicode char U+0131 (decimal 305)
   defining Unicode char U+0132 (decimal 306)
   defining Unicode char U+0133 (decimal 307)
   defining Unicode char U+0139 (decimal 313)
   defining Unicode char U+013A (decimal 314)
   defining Unicode char U+013D (decimal 317)
   defining Unicode char U+013E (decimal 318)
   defining Unicode char U+0141 (decimal 321)
   defining Unicode char U+0142 (decimal 322)
   defining Unicode char U+0143 (decimal 323)
   defining Unicode char U+0144 (decimal 324)
   defining Unicode char U+0147 (decimal 327)
   defining Unicode char U+0148 (decimal 328)
   defining Unicode char U+014A (decimal 330)
   defining Unicode char U+014B (decimal 331)
   defining Unicode char U+0150 (decimal 336)
   defining Unicode char U+0151 (decimal 337)
   defining Unicode char U+0152 (decimal 338)
   defining Unicode char U+0153 (decimal 339)
   defining Unicode char U+0154 (decimal 340)
   defining Unicode char U+0155 (decimal 341)
   defining Unicode char U+0158 (decimal 344)
   defining Unicode char U+0159 (decimal 345)
   defining Unicode char U+015A (decimal 346)
   defining Unicode char U+015B (decimal 347)
   defining Unicode char U+015E (decimal 350)
   defining Unicode char U+015F (decimal 351)
   defining Unicode char U+0160 (decimal 352)
   defining Unicode char U+0161 (decimal 353)
   defining Unicode char U+0162 (decimal 354)
   defining Unicode char U+0163 (decimal 355)
   defining Unicode char U+0164 (decimal 356)
   defining Unicode char U+0165 (decimal 357)
   defining Unicode char U+016E (decimal 366)
   defining Unicode char U+016F (decimal 367)
   defining Unicode char U+0170 (decimal 368)
   defining Unicode char U+0171 (decimal 369)
   defining Unicode char U+0178 (decimal 376)
   defining Unicode char U+0179 (decimal 377)
   defining Unicode char U+017A (decimal 378)
   defining Unicode char U+017B (decimal 379)
   defining Unicode char U+017C (decimal 380)
   defining Unicode char U+017D (decimal 381)
   defining Unicode char U+017E (decimal 382)
   defining Unicode char U+200C (decimal 8204)
   defining Unicode char U+2013 (decimal 8211)
   defining Unicode char U+2014 (decimal 8212)
   defining Unicode char U+2018 (decimal 8216)
   defining Unicode char U+2019 (decimal 8217)
   defining Unicode char U+201A (decimal 8218)
   defining Unicode char U+201C (decimal 8220)
   defining Unicode char U+201D (decimal 8221)
   defining Unicode char U+201E (decimal 8222)
   defining Unicode char U+2030 (decimal 8240)
   defining Unicode char U+2031 (decimal 8241)
   defining Unicode char U+2039 (decimal 8249)
   defining Unicode char U+203A (decimal 8250)
   defining Unicode char U+2423 (decimal 9251)
)
Now handling font encoding OT1 ...
... processing UTF-8 mapping file for font encoding OT1

(/usr/share/texlive/texmf-dist/tex/latex/base/ot1enc.dfu
File: ot1enc.dfu 2008/04/05 v1.1m UTF-8 support for inputenc
   defining Unicode char U+00A1 (decimal 161)
   defining Unicode char U+00A3 (decimal 163)
   defining Unicode char U+00B8 (decimal 184)
   defining Unicode char U+00BF (decimal 191)
   defining Unicode char U+00C5 (decimal 197)
   defining Unicode char U+00C6 (decimal 198)
   defining Unicode char U+00D8 (decimal 216)
   defining Unicode char U+00DF (decimal 223)
   defining Unicode char U+00E6 (decimal 230)
   defining Unicode char U+00EC (decimal 236)
   defining Unicode char U+00ED (decimal 237)
   defining Unicode char U+00EE (decimal 238)
   defining Unicode char U+00EF (decimal 239)
   defining Unicode char U+00F8 (decimal 248)
   defining Unicode char U+0131 (decimal 305)
   defining Unicode char U+0141 (decimal 321)
   defining Unicode char U+0142 (decimal 322)
   defining Unicode char U+0152 (decimal 338)
   defining Unicode char U+0153 (decimal 339)
   defining Unicode char U+2013 (decimal 8211)
   defining Unicode char U+2014 (decimal 8212)
   defining Unicode char U+2018 (decimal 8216)
   defining Unicode char U+2019 (decimal 8217)
   defining Unicode char U+201C (decimal 8220)
   defining Unicode char U+201D (decimal 8221)
)
Now handling font encoding OMS ...
... processing UTF-8 mapping file for font encoding OMS

(/usr/share/texlive/texmf-dist/tex/latex/base/omsenc.dfu
File: omsenc.dfu 2008/04/05 v1.1m UTF-8 support for inputenc
   defining Unicode char U+00A7 (decimal 167)
   defining Unicode char U+00B6 (decimal 182)
   defining Unicode char U+00B7 (decimal 183)
   defining Unicode char U+2020 (decimal 8224)
   defining Unicode char U+2021 (decimal 8225)
   defining Unicode char U+2022 (decimal 8226)
)
Now handling font encoding OMX ...
... no UTF-8 mapping file for font encoding OMX
Now handling font encoding U ...
... no UTF-8 mapping file for font encoding U
   defining Unicode char U+00A9 (decimal 169)
   defining Unicode char U+00AA (decimal 170)
   defining Unicode char U+00AE (decimal 174)
   defining Unicode char U+00BA (decimal 186)
   defining Unicode char U+02C6 (decimal 710)
   defining Unicode char U+02DC (decimal 732)
   defining Unicode char U+200C (decimal 8204)
   defining Unicode char U+2026 (decimal 8230)
   defining Unicode char U+2122 (decimal 8482)
   defining Unicode char U+2423 (decimal 9251)
))
(/usr/share/texlive/texmf-dist/tex/latex/hyperref/hyperref.sty
Package: hyperref 2012/05/13 v6.82q Hypertext links for LaTeX

(/usr/share/texlive/texmf-dist/tex/generic/oberdiek/hobsub-hyperref.sty
Package: hobsub-hyperref 2012/05/28 v1.13 Bundle oberdiek, subset hyperref (HO)


(/usr/share/texlive/texmf-dist/tex/generic/oberdiek/hobsub-generic.sty
Package: hobsub-generic 2012/05/28 v1.13 Bundle oberdiek, subset generic (HO)
Package: hobsub 2012/05/28 v1.13 Construct package bundles (HO)
Package: infwarerr 2010/04/08 v1.3 Providing info/warning/error messages (HO)
Package: ltxcmds 2011/11/09 v1.22 LaTeX kernel commands for general use (HO)
Package: ifluatex 2010/03/01 v1.3 Provides the ifluatex switch (HO)
Package ifluatex Info: LuaTeX not detected.
Package: ifvtex 2010/03/01 v1.5 Detect VTeX and its facilities (HO)
Package ifvtex Info: VTeX not detected.
Package: intcalc 2007/09/27 v1.1 Expandable calculations with integers (HO)
Package: ifpdf 2011/01/30 v2.3 Provides the ifpdf switch (HO)
Package ifpdf Info: pdfTeX in PDF mode is not detected.
Package: etexcmds 2011/02/16 v1.5 Avoid name clashes with e-TeX commands (HO)
Package etexcmds Info: Could not find \expanded.
(etexcmds)             That can mean that you are not using pdfTeX 1.50 or
(etexcmds)             that some package has redefined \expanded.
(etexcmds)             In the latter case, load this package earlier.
Package: kvsetkeys 2012/04/25 v1.16 Key value parser (HO)
Package: kvdefinekeys 2011/04/07 v1.3 Define keys (HO)
Package: pdftexcmds 2011/11/29 v0.20 Utility functions of pdfTeX for LuaTeX (HO
)
Package pdftexcmds Info: LuaTeX not detected.
Package pdftexcmds Info: \pdf@primitive is available.
Package pdftexcmds Info: \pdf@ifprimitive is available.
Package pdftexcmds Info: \pdfdraftmode is ignored in DVI mode.
Package: pdfescape 2011/11/25 v1.13 Implements pdfTeX's escape features (HO)
Package: bigintcalc 2012/04/08 v1.3 Expandable calculations on big integers (HO
)
Package: bitset 2011/01/30 v1.1 Handle bit-vector datatype (HO)
Package: uniquecounter 2011/01/30 v1.2 Provide unlimited unique counter (HO)
)
Package hobsub Info: Skipping package `hobsub' (already loaded).
Package: letltxmacro 2010/09/02 v1.4 Let assignment for LaTeX macros (HO)
Package: hopatch 2012/05/28 v1.2 Wrapper for package hooks (HO)
Package: xcolor-patch 2011/01/30 xcolor patch
Package: atveryend 2011/06/30 v1.8 Hooks at the very end of document (HO)
Package atveryend Info: \enddocument detected (standard20110627).
Package: atbegshi 2011/10/05 v1.16 At begin shipout hook (HO)
Package: refcount 2011/10/16 v3.4 Data extraction from label references (HO)
Package: hycolor 2011/01/30 v1.7 Color options for hyperref/bookmark (HO)
)
(/usr/share/texlive/texmf-dist/tex/latex/graphics/keyval.sty
Package: keyval 1999/03/16 v1.13 key=value parser (DPC)
\KV@toks@=\toks18
)
(/usr/share/texlive/texmf-dist/tex/generic/ifxetex/ifxetex.sty
Package: ifxetex 2010/09/12 v0.6 Provides ifxetex conditional
)
(/usr/share/texlive/texmf-dist/tex/latex/oberdiek/kvoptions.sty
Package: kvoptions 2011/06/30 v3.11 Key value format for package options (HO)
)
\@linkdim=\dimen105
\Hy@linkcounter=\count92
\Hy@pagecounter=\count93

(/usr/share/texlive/texmf-dist/tex/latex/hyperref/pd1enc.def
File: pd1enc.def 2012/05/13 v6.82q Hyperref: PDFDocEncoding definition (HO)
Now handling font encoding PD1 ...
... no UTF-8 mapping file for font encoding PD1
)
\Hy@SavedSpaceFactor=\count94

(/usr/share/texlive/texmf-dist/tex/latex/latexconfig/hyperref.cfg
File: hyperref.cfg 2002/06/06 v1.2 hyperref configuration of TeXLive
)
Package hyperref Info: Option `bookmarks' set `true' on input line 3941.
Package hyperref Info: Option `bookmarksopen' set `false' on input line 3941.
Package hyperref Info: Option `colorlinks' set `true' on input line 3941.


Package hyperref Warning: Option `pagecolor' is not available anymore.

Package hyperref Info: Hyper figures OFF on input line 4062.
Package hyperref Info: Link nesting OFF on input line 4067.
Package hyperref Info: Hyper index ON on input line 4070.
Package hyperref Info: Plain pages OFF on input line 4077.
Package hyperref Info: Backreferencing ON on input line 4080.
Package hyperref Info: Implicit mode ON; LaTeX internals redefined.
Package hyperref Info: Bookmarks ON on input line 4300.
(/usr/share/texlive/texmf-dist/tex/latex/hyperref/backref.sty
Package: backref 2010/08/30 v1.36 Bibliographical back referencing

(/usr/share/texlive/texmf-dist/tex/latex/oberdiek/rerunfilecheck.sty
Package: rerunfilecheck 2011/04/15 v1.7 Rerun checks for auxiliary files (HO)
Package uniquecounter Info: New unique counter `rerunfilecheck' on input line 2
82.
))
\c@Hy@tempcnt=\count95

(/usr/share/texlive/texmf-dist/tex/latex/url/url.sty
\Urlmuskip=\muskip10
Package: url 2006/04/12  ver 3.3  Verb mode for urls, etc.
)
LaTeX Info: Redefining \url on input line 4653.
\Fld@menulength=\count96
\Field@Width=\dimen106
\Fld@charsize=\dimen107
Package hyperref Info: Hyper figures OFF on input line 5773.
Package hyperref Info: Link nesting OFF on input line 5778.
Package hyperref Info: Hyper index ON on input line 5781.
Package hyperref Info: backreferencing ON on input line 5786.
Package hyperref Info: Link coloring ON on input line 5791.
Package hyperref Info: Link coloring with OCG OFF on input line 5798.
Package hyperref Info: PDF/A mode OFF on input line 5803.
LaTeX Info: Redefining \ref on input line 5843.
LaTeX Info: Redefining \pageref on input line 5847.
\Hy@abspage=\count97
\c@Item=\count98
\c@Hfootnote=\count99
)

Package hyperref Message: Driver: hdvips.

(/usr/share/texlive/texmf-dist/tex/latex/hyperref/hdvips.def
File: hdvips.def 2012/05/13 v6.82q Hyperref driver for dvips

(/usr/share/texlive/texmf-dist/tex/latex/hyperref/pdfmark.def
File: pdfmark.def 2012/05/13 v6.82q Hyperref definitions for pdfmark specials
\pdf@docset=\toks19
\pdf@box=\box30
\pdf@toks=\toks20
\pdf@defaulttoks=\toks21
\Fld@listcount=\count100
\c@bookmark@seq@number=\count101
\Hy@SectionHShift=\skip64
))
\@indexfile=\write3
\openout3 = `api.idx'.


Writing index file api.idx
(./api.aux (./addAdmin-module.aux) (./addPermisos-module.aux) (./app-module.aux
) (./app.controlador-module.aux) (./app.controlador.contArchivo-module.aux)
(./app.controlador.contComite-module.aux)
(./app.controlador.contFase-module.aux) (./app.controlador.contItem-module.aux)
(./app.controlador.contPermiso-module.aux)
(./app.controlador.contProy-module.aux) (./app.controlador.contRol-module.aux)
(./app.controlador.contUsr-module.aux) (./app.db_downgrade-module.aux)
(./app.decorators-module.aux) (./app.email-module.aux) (./app.forms-module.aux)
(./app.modelo-module.aux) (./app.modelo.archivo-module.aux)
(./app.modelo.atributo-module.aux) (./app.modelo.comite-module.aux)
(./app.modelo.fase-module.aux) (./app.modelo.historial-module.aux)
(./app.modelo.item-module.aux) (./app.modelo.lineabase-module.aux)
(./app.modelo.permiso-module.aux) (./app.modelo.proyecto-module.aux)
(./app.modelo.rol-module.aux) (./app.modelo.solicitud-module.aux)
(./app.modelo.usuario-module.aux) (./app.modelo.voto-module.aux)
(./app.models-module.aux) (./app.static-module.aux) (./app.test-module.aux)
(./app.test.testVarios2-module.aux) (./app.testVarios-module.aux)
(./app.views-module.aux) (./app.vista-module.aux)
(./app.vista.vistaAtributoTI-module.aux) (./app.vista.vistaFase-module.aux)
(./app.vista.vistaItem-module.aux) (./app.vista.vistaPermiso-module.aux)
(./app.vista.vistaProyecto-module.aux) (./app.vista.vistaRol-module.aux)
(./app.vista.vistaTI-module.aux) (./app.vista.vistaUsuario-module.aux)
(./asignarRol-module.aux) (./config-module.aux) (./db_create-module.aux)
(./db_migrate-module.aux) (./db_repository-module.aux)
(./db_repository.manage-module.aux) (./db_repository.versions-module.aux)
(./db_upgrade-module.aux) (./deletePermisos-module.aux) (./deleteRol-module.aux
) (./deleteUsr-module.aux) (./run-module.aux)
(./script-microblog_wsgi-module.aux) (./script-microblog_wsgi_-module.aux)
(./script-microdoc_txt-module.aux) (./script-microdoc_txt_-module.aux)
(./script-ss_wsgi_-module.aux) (./test-module.aux) (./testVarios1-module.aux)
(./testes-module.aux) (./testes.testVarios4-module.aux))
\openout1 = `api.aux'.

LaTeX Font Info:    Checking defaults for OML/cmm/m/it on input line 82.
LaTeX Font Info:    ... okay on input line 82.
LaTeX Font Info:    Checking defaults for T1/cmr/m/n on input line 82.
LaTeX Font Info:    ... okay on input line 82.
LaTeX Font Info:    Checking defaults for OT1/cmr/m/n on input line 82.
LaTeX Font Info:    ... okay on input line 82.
LaTeX Font Info:    Checking defaults for OMS/cmsy/m/n on input line 82.
LaTeX Font Info:    ... okay on input line 82.
LaTeX Font Info:    Checking defaults for OMX/cmex/m/n on input line 82.
LaTeX Font Info:    ... okay on input line 82.
LaTeX Font Info:    Checking defaults for U/cmr/m/n on input line 82.
LaTeX Font Info:    ... okay on input line 82.
LaTeX Font Info:    Checking defaults for PD1/pdf/m/n on input line 82.
LaTeX Font Info:    ... okay on input line 82.
LaTeX Font Info:    Try loading font information for T1+lmr on input line 82.

(/usr/share/texmf/tex/latex/lm/t1lmr.fd
File: t1lmr.fd 2009/10/30 v1.6 Font defs for Latin Modern
)
\AtBeginShipoutBox=\box31
Package hyperref Info: Link coloring ON on input line 82.

(/usr/share/texlive/texmf-dist/tex/latex/hyperref/nameref.sty
Package: nameref 2010/04/30 v2.40 Cross-referencing by name of section

(/usr/share/texlive/texmf-dist/tex/generic/oberdiek/gettitlestring.sty
Package: gettitlestring 2010/12/03 v1.4 Cleanup title references (HO)
)
\c@section@level=\count102
)
LaTeX Info: Redefining \ref on input line 82.
LaTeX Info: Redefining \pageref on input line 82.
LaTeX Info: Redefining \nameref on input line 82.

(./api.out) (./api.out)
\@outlinefile=\write4
\openout4 = `api.out'.

LaTeX Font Info:    Try loading font information for OT1+lmr on input line 97.
 (/usr/share/texmf/tex/latex/lm/ot1lmr.fd
File: ot1lmr.fd 2009/10/30 v1.6 Font defs for Latin Modern
)
LaTeX Font Info:    Try loading font information for OML+lmm on input line 97.

(/usr/share/texmf/tex/latex/lm/omllmm.fd
File: omllmm.fd 2009/10/30 v1.6 Font defs for Latin Modern
)
LaTeX Font Info:    Try loading font information for OMS+lmsy on input line 97.


(/usr/share/texmf/tex/latex/lm/omslmsy.fd
File: omslmsy.fd 2009/10/30 v1.6 Font defs for Latin Modern
)
LaTeX Font Info:    Try loading font information for OMX+lmex on input line 97.


(/usr/share/texmf/tex/latex/lm/omxlmex.fd
File: omxlmex.fd 2009/10/30 v1.6 Font defs for Latin Modern
)
LaTeX Font Info:    External font `lmex10' loaded for size
(Font)              <12> on input line 97.
LaTeX Font Info:    External font `lmex10' loaded for size
(Font)              <8> on input line 97.
LaTeX Font Info:    External font `lmex10' loaded for size
(Font)              <6> on input line 97.
LaTeX Font Info:    Try loading font information for U+msa on input line 97.

(/usr/share/texlive/texmf-dist/tex/latex/amsfonts/umsa.fd
File: umsa.fd 2009/06/22 v3.00 AMS symbols A
)
LaTeX Font Info:    Try loading font information for U+msb on input line 97.

(/usr/share/texlive/texmf-dist/tex/latex/amsfonts/umsb.fd
File: umsb.fd 2009/06/22 v3.00 AMS symbols B
) (./api.toc
LaTeX Font Info:    External font `lmex10' loaded for size
(Font)              <10> on input line 3.
LaTeX Font Info:    External font `lmex10' loaded for size
(Font)              <7> on input line 3.
LaTeX Font Info:    External font `lmex10' loaded for size
(Font)              <5> on input line 3.
 [1

]
[2] [3] [4] [5] [6] [7])
\tf@toc=\write5
\openout5 = `api.toc'.

 [8]
\openout2 = `addAdmin-module.aux'.

 (./addAdmin-module.tex
LaTeX Font Info:    Try loading font information for T1+lmtt on input line 37.

(/usr/share/texmf/tex/latex/lm/t1lmtt.fd
File: t1lmtt.fd 2009/10/30 v1.6 Font defs for Latin Modern
)) [9

]
\openout2 = `addPermisos-module.aux'.

 (./addPermisos-module.tex
LaTeX Font Info:    Try loading font information for OMS+lmr on input line 25.

(/usr/share/texmf/tex/latex/lm/omslmr.fd
File: omslmr.fd 2009/10/30 v1.6 Font defs for Latin Modern
)
LaTeX Font Info:    Font shape `OMS/lmr/m/n' in size <10> not available
(Font)              Font shape `OMS/lmsy/m/n' tried instead on input line 25.
 [10


]) [11]
\openout2 = `app-module.aux'.

 (./app-module.tex [12


]
Overfull \hbox (5.27765pt too wide) in paragraph at lines 276--277
\T1/lmtt/m/n/10 engine='postgresql+psycopg2://cristian:usuari...|  
 []

) [13]
\openout2 = `app.controlador-module.aux'.

 (./app.controlador-module.tex
Overfull \hbox (5.27765pt too wide) in paragraph at lines 89--90
\T1/lmtt/m/n/10 engine='postgresql+psycopg2://cristian:usuari...|  
 []

) [14


]
\openout2 = `app.controlador.contArchivo-module.aux'.

 (./app.controlador.contArchivo-module.tex [15


]) [16]
\openout2 = `app.controlador.contComite-module.aux'.


(./app.controlador.contComite-module.tex
Overfull \hbox (5.27765pt too wide) in paragraph at lines 39--40
\T1/lmtt/m/n/10 engine='postgresql+psycopg2://cristian:usuari...|  
 []

) [17


]
\openout2 = `app.controlador.contFase-module.aux'.

 (./app.controlador.contFase-module.tex) [18


]
\openout2 = `app.controlador.contItem-module.aux'.


(./app.controlador.contItem-module.tex [19


]) [20] [21]
\openout2 = `app.controlador.contPermiso-module.aux'.


(./app.controlador.contPermiso-module.tex) [22


]
\openout2 = `app.controlador.contProy-module.aux'.


(./app.controlador.contProy-module.tex) [23


]
\openout2 = `app.controlador.contRol-module.aux'.


(./app.controlador.contRol-module.tex) [24


] [25]
\openout2 = `app.controlador.contUsr-module.aux'.


(./app.controlador.contUsr-module.tex) [26


]
\openout2 = `app.db_downgrade-module.aux'.

 (./app.db_downgrade-module.tex)
[27


]
\openout2 = `app.decorators-module.aux'.

 (./app.decorators-module.tex) [28


]
\openout2 = `app.email-module.aux'.

 (./app.email-module.tex) [29


]
\openout2 = `app.forms-module.aux'.


(./app.forms-module.tex
Overfull \hbox (9.0496pt too wide) in paragraph at lines 17--19
\T1/lmr/m/n/10 Sygma_System :or-ga-ni-za-tion:CRF_Proyect :au-thor:Cristian Can
-dia :au-thor:Ruth Cen-tu-rion :au-thor:Fernando
 []


Overfull \hbox (45.30333pt too wide) in paragraph at lines 155--156
[]\T1/lmr/m/n/12 __init__(), gen-er-ate_csrf_token(), hid-den_tag(), is_submitt
ed(), val-i-date_csrf_token(),
 []


Overfull \hbox (2.63135pt too wide) in paragraph at lines 173--174
[]\T1/lmr/m/n/12 __format__(), __getat-tribute__(), __hash__(), __new__(), __re
-duce__(),
 []


Overfull \hbox (22.00412pt too wide) in paragraph at lines 173--174
\T1/lmr/m/n/12 __re-duce_ex__(), __repr__(), __se-tattr__(), __sizeof__(), __st
r__(), __sub-
 []

[30


] [31]
Overfull \hbox (45.30333pt too wide) in paragraph at lines 342--343
[]\T1/lmr/m/n/12 __init__(), gen-er-ate_csrf_token(), hid-den_tag(), is_submitt
ed(), val-i-date_csrf_token(),
 []


Overfull \hbox (2.63135pt too wide) in paragraph at lines 360--361
[]\T1/lmr/m/n/12 __format__(), __getat-tribute__(), __hash__(), __new__(), __re
-duce__(),
 []


Overfull \hbox (22.00412pt too wide) in paragraph at lines 360--361
\T1/lmr/m/n/12 __re-duce_ex__(), __repr__(), __se-tattr__(), __sizeof__(), __st
r__(), __sub-
 []

[32]
Overfull \hbox (45.30333pt too wide) in paragraph at lines 526--527
[]\T1/lmr/m/n/12 __init__(), gen-er-ate_csrf_token(), hid-den_tag(), is_submitt
ed(), val-i-date_csrf_token(),
 []

[33]
Overfull \hbox (2.63135pt too wide) in paragraph at lines 544--545
[]\T1/lmr/m/n/12 __format__(), __getat-tribute__(), __hash__(), __new__(), __re
-duce__(),
 []


Overfull \hbox (22.00412pt too wide) in paragraph at lines 544--545
\T1/lmr/m/n/12 __re-duce_ex__(), __repr__(), __se-tattr__(), __sizeof__(), __st
r__(), __sub-
 []

[34]
Overfull \hbox (45.30333pt too wide) in paragraph at lines 728--729
[]\T1/lmr/m/n/12 __init__(), gen-er-ate_csrf_token(), hid-den_tag(), is_submitt
ed(), val-i-date_csrf_token(),
 []


Overfull \hbox (2.63135pt too wide) in paragraph at lines 746--747
[]\T1/lmr/m/n/12 __format__(), __getat-tribute__(), __hash__(), __new__(), __re
-duce__(),
 []


Overfull \hbox (22.00412pt too wide) in paragraph at lines 746--747
\T1/lmr/m/n/12 __re-duce_ex__(), __repr__(), __se-tattr__(), __sizeof__(), __st
r__(), __sub-
 []

[35] [36]
Overfull \hbox (45.30333pt too wide) in paragraph at lines 927--928
[]\T1/lmr/m/n/12 __init__(), gen-er-ate_csrf_token(), hid-den_tag(), is_submitt
ed(), val-i-date_csrf_token(),
 []


Overfull \hbox (2.63135pt too wide) in paragraph at lines 945--946
[]\T1/lmr/m/n/12 __format__(), __getat-tribute__(), __hash__(), __new__(), __re
-duce__(),
 []


Overfull \hbox (22.00412pt too wide) in paragraph at lines 945--946
\T1/lmr/m/n/12 __re-duce_ex__(), __repr__(), __se-tattr__(), __sizeof__(), __st
r__(), __sub-
 []

[37] [38]
Overfull \hbox (45.30333pt too wide) in paragraph at lines 1132--1133
[]\T1/lmr/m/n/12 __init__(), gen-er-ate_csrf_token(), hid-den_tag(), is_submitt
ed(), val-i-date_csrf_token(),
 []


Overfull \hbox (2.63135pt too wide) in paragraph at lines 1150--1151
[]\T1/lmr/m/n/12 __format__(), __getat-tribute__(), __hash__(), __new__(), __re
-duce__(),
 []


Overfull \hbox (22.00412pt too wide) in paragraph at lines 1150--1151
\T1/lmr/m/n/12 __re-duce_ex__(), __repr__(), __se-tattr__(), __sizeof__(), __st
r__(), __sub-
 []

[39] [40]
Overfull \hbox (45.30333pt too wide) in paragraph at lines 1325--1326
[]\T1/lmr/m/n/12 __init__(), gen-er-ate_csrf_token(), hid-den_tag(), is_submitt
ed(), val-i-date_csrf_token(),
 []


Overfull \hbox (2.63135pt too wide) in paragraph at lines 1343--1344
[]\T1/lmr/m/n/12 __format__(), __getat-tribute__(), __hash__(), __new__(), __re
-duce__(),
 []


Overfull \hbox (22.00412pt too wide) in paragraph at lines 1343--1344
\T1/lmr/m/n/12 __re-duce_ex__(), __repr__(), __se-tattr__(), __sizeof__(), __st
r__(), __sub-
 []

[41]
Overfull \hbox (45.30333pt too wide) in paragraph at lines 1512--1513
[]\T1/lmr/m/n/12 __init__(), gen-er-ate_csrf_token(), hid-den_tag(), is_submitt
ed(), val-i-date_csrf_token(),
 []


Overfull \hbox (2.63135pt too wide) in paragraph at lines 1530--1531
[]\T1/lmr/m/n/12 __format__(), __getat-tribute__(), __hash__(), __new__(), __re
-duce__(),
 []


Overfull \hbox (22.00412pt too wide) in paragraph at lines 1530--1531
\T1/lmr/m/n/12 __re-duce_ex__(), __repr__(), __se-tattr__(), __sizeof__(), __st
r__(), __sub-
 []

[42]
Overfull \hbox (45.30333pt too wide) in paragraph at lines 1699--1700
[]\T1/lmr/m/n/12 __init__(), gen-er-ate_csrf_token(), hid-den_tag(), is_submitt
ed(), val-i-date_csrf_token(),
 []

[43]
Overfull \hbox (2.63135pt too wide) in paragraph at lines 1717--1718
[]\T1/lmr/m/n/12 __format__(), __getat-tribute__(), __hash__(), __new__(), __re
-duce__(),
 []


Overfull \hbox (22.00412pt too wide) in paragraph at lines 1717--1718
\T1/lmr/m/n/12 __re-duce_ex__(), __repr__(), __se-tattr__(), __sizeof__(), __st
r__(), __sub-
 []

[44]
Overfull \hbox (45.30333pt too wide) in paragraph at lines 1886--1887
[]\T1/lmr/m/n/12 __init__(), gen-er-ate_csrf_token(), hid-den_tag(), is_submitt
ed(), val-i-date_csrf_token(),
 []


Overfull \hbox (2.63135pt too wide) in paragraph at lines 1904--1905
[]\T1/lmr/m/n/12 __format__(), __getat-tribute__(), __hash__(), __new__(), __re
-duce__(),
 []


Overfull \hbox (22.00412pt too wide) in paragraph at lines 1904--1905
\T1/lmr/m/n/12 __re-duce_ex__(), __repr__(), __se-tattr__(), __sizeof__(), __st
r__(), __sub-
 []

[45] [46]
Overfull \hbox (16.99236pt too wide) in paragraph at lines 2058--2059
[]\T1/lmr/m/n/12 __delattr__(), __for-mat__(), __getat-tribute__(), __hash__(),
 __re-duce__(),
 []


Overfull \hbox (29.32448pt too wide) in paragraph at lines 2058--2059
\T1/lmr/m/n/12 __re-duce_ex__(), __repr__(), __se-tattr__(), __sizeof__(), __su
b-classhook__() 
 []

[47]
Overfull \hbox (45.30333pt too wide) in paragraph at lines 2218--2219
[]\T1/lmr/m/n/12 __init__(), gen-er-ate_csrf_token(), hid-den_tag(), is_submitt
ed(), val-i-date_csrf_token(),
 []


Overfull \hbox (2.63135pt too wide) in paragraph at lines 2236--2237
[]\T1/lmr/m/n/12 __format__(), __getat-tribute__(), __hash__(), __new__(), __re
-duce__(),
 []


Overfull \hbox (22.00412pt too wide) in paragraph at lines 2236--2237
\T1/lmr/m/n/12 __re-duce_ex__(), __repr__(), __se-tattr__(), __sizeof__(), __st
r__(), __sub-
 []

[48]
Overfull \hbox (45.30333pt too wide) in paragraph at lines 2414--2415
[]\T1/lmr/m/n/12 __init__(), gen-er-ate_csrf_token(), hid-den_tag(), is_submitt
ed(), val-i-date_csrf_token(),
 []


Overfull \hbox (2.63135pt too wide) in paragraph at lines 2432--2433
[]\T1/lmr/m/n/12 __format__(), __getat-tribute__(), __hash__(), __new__(), __re
-duce__(),
 []


Overfull \hbox (22.00412pt too wide) in paragraph at lines 2432--2433
\T1/lmr/m/n/12 __re-duce_ex__(), __repr__(), __se-tattr__(), __sizeof__(), __st
r__(), __sub-
 []

[49]
Overfull \hbox (11.05568pt too wide) in paragraph at lines 2501--2595
[] 
 []

[50]
Overfull \hbox (45.30333pt too wide) in paragraph at lines 2607--2608
[]\T1/lmr/m/n/12 __init__(), gen-er-ate_csrf_token(), hid-den_tag(), is_submitt
ed(), val-i-date_csrf_token(),
 []


Overfull \hbox (2.63135pt too wide) in paragraph at lines 2625--2626
[]\T1/lmr/m/n/12 __format__(), __getat-tribute__(), __hash__(), __new__(), __re
-duce__(),
 []


Overfull \hbox (22.00412pt too wide) in paragraph at lines 2625--2626
\T1/lmr/m/n/12 __re-duce_ex__(), __repr__(), __se-tattr__(), __sizeof__(), __st
r__(), __sub-
 []

[51]
Overfull \hbox (45.30333pt too wide) in paragraph at lines 2800--2801
[]\T1/lmr/m/n/12 __init__(), gen-er-ate_csrf_token(), hid-den_tag(), is_submitt
ed(), val-i-date_csrf_token(),
 []


Overfull \hbox (2.63135pt too wide) in paragraph at lines 2818--2819
[]\T1/lmr/m/n/12 __format__(), __getat-tribute__(), __hash__(), __new__(), __re
-duce__(),
 []


Overfull \hbox (22.00412pt too wide) in paragraph at lines 2818--2819
\T1/lmr/m/n/12 __re-duce_ex__(), __repr__(), __se-tattr__(), __sizeof__(), __st
r__(), __sub-
 []

[52] [53]
Overfull \hbox (45.30333pt too wide) in paragraph at lines 3008--3009
[]\T1/lmr/m/n/12 __init__(), gen-er-ate_csrf_token(), hid-den_tag(), is_submitt
ed(), val-i-date_csrf_token(),
 []


Overfull \hbox (2.63135pt too wide) in paragraph at lines 3026--3027
[]\T1/lmr/m/n/12 __format__(), __getat-tribute__(), __hash__(), __new__(), __re
-duce__(),
 []


Overfull \hbox (22.00412pt too wide) in paragraph at lines 3026--3027
\T1/lmr/m/n/12 __re-duce_ex__(), __repr__(), __se-tattr__(), __sizeof__(), __st
r__(), __sub-
 []

[54] [55]
Overfull \hbox (45.30333pt too wide) in paragraph at lines 3261--3262
[]\T1/lmr/m/n/12 __init__(), gen-er-ate_csrf_token(), hid-den_tag(), is_submitt
ed(), val-i-date_csrf_token(),
 []

[56]
Overfull \hbox (2.63135pt too wide) in paragraph at lines 3279--3280
[]\T1/lmr/m/n/12 __format__(), __getat-tribute__(), __hash__(), __new__(), __re
-duce__(),
 []


Overfull \hbox (22.00412pt too wide) in paragraph at lines 3279--3280
\T1/lmr/m/n/12 __re-duce_ex__(), __repr__(), __se-tattr__(), __sizeof__(), __st
r__(), __sub-
 []

) [57]
\openout2 = `app.modelo-module.aux'.

 (./app.modelo-module.tex
LaTeX Font Info:    Font shape `OMS/lmr/m/n' in size <12> not available
(Font)              Font shape `OMS/lmsy/m/n' tried instead on input line 25.

Overfull \hbox (49.67853pt too wide) in paragraph at lines 131--132
\T1/lmtt/m/n/12 engine='postgresql+psycopg2://cristian:usuari...|  
 []

[58


]) [59]
\openout2 = `app.modelo.archivo-module.aux'.

 (./app.modelo.archivo-module.tex [60


]
Overfull \hbox (3.93704pt too wide) in paragraph at lines 150--151
[]\T1/lmr/m/n/12 __delattr__(), __for-mat__(), __getat-tribute__(), __hash__(),
 __new__(),
 []

[61]) [62]
\openout2 = `app.modelo.atributo-module.aux'.

 (./app.modelo.atributo-module.tex [63


]
Overfull \hbox (3.93704pt too wide) in paragraph at lines 158--159
[]\T1/lmr/m/n/12 __delattr__(), __for-mat__(), __getat-tribute__(), __hash__(),
 __new__(),
 []

[64]
Overfull \hbox (1.3264pt too wide) in paragraph at lines 267--268
[]\T1/lmr/m/n/12 __delattr__(), __for-mat__(), __getat-tribute__(), __hash__(),
 __init__(),
 []

[65]) [66]
\openout2 = `app.modelo.comite-module.aux'.

 (./app.modelo.comite-module.tex [67


]
Overfull \hbox (3.93704pt too wide) in paragraph at lines 183--184
[]\T1/lmr/m/n/12 __delattr__(), __for-mat__(), __getat-tribute__(), __hash__(),
 __new__(),
 []

[68]) [69]
\openout2 = `app.modelo.fase-module.aux'.

 (./app.modelo.fase-module.tex [70


]
Overfull \hbox (3.93704pt too wide) in paragraph at lines 167--168
[]\T1/lmr/m/n/12 __delattr__(), __for-mat__(), __getat-tribute__(), __hash__(),
 __new__(),
 []


Overfull \hbox (49.67853pt too wide) in paragraph at lines 245--246
\T1/lmtt/m/n/12 <sqlalchemy.orm.attributes.InstrumentedAttribute 
 []


Overfull \hbox (49.67853pt too wide) in paragraph at lines 248--249
\T1/lmtt/m/n/12 <sqlalchemy.orm.attributes.InstrumentedAttribute 
 []


Overfull \hbox (49.67853pt too wide) in paragraph at lines 251--252
\T1/lmtt/m/n/12 <sqlalchemy.orm.attributes.InstrumentedAttribute 
 []

[71]) [72]
\openout2 = `app.modelo.historial-module.aux'.

 (./app.modelo.historial-module.tex [73


]
Overfull \hbox (3.93704pt too wide) in paragraph at lines 139--140
[]\T1/lmr/m/n/12 __delattr__(), __for-mat__(), __getat-tribute__(), __hash__(),
 __new__(),
 []

[74]
Overfull \hbox (3.93704pt too wide) in paragraph at lines 285--286
[]\T1/lmr/m/n/12 __delattr__(), __for-mat__(), __getat-tribute__(), __hash__(),
 __new__(),
 []

[75]) [76]
\openout2 = `app.modelo.item-module.aux'.

 (./app.modelo.item-module.tex [77


]
Overfull \hbox (3.93704pt too wide) in paragraph at lines 180--181
[]\T1/lmr/m/n/12 __delattr__(), __for-mat__(), __getat-tribute__(), __hash__(),
 __new__(),
 []

[78] [79]
Overfull \hbox (3.93704pt too wide) in paragraph at lines 371--372
[]\T1/lmr/m/n/12 __delattr__(), __for-mat__(), __getat-tribute__(), __hash__(),
 __new__(),
 []


Overfull \hbox (105.25356pt too wide) in paragraph at lines 421--421
[]\T1/lmtt/m/n/12 Atributo para saber cantidad de items de ese tipo de item[] 
 []


Overfull \hbox (12.62851pt too wide) in paragraph at lines 450--450
[]\T1/lmtt/m/n/12 Atributo que define la prioridad del item.[] 
 []


Overfull \hbox (49.67853pt too wide) in paragraph at lines 485--486
\T1/lmtt/m/n/12 <sqlalchemy.orm.attributes.InstrumentedAttribute 
 []

[80] [81]) [82]
\openout2 = `app.modelo.lineabase-module.aux'.

 (./app.modelo.lineabase-module.tex [83


]
Overfull \hbox (3.93704pt too wide) in paragraph at lines 139--140
[]\T1/lmr/m/n/12 __delattr__(), __for-mat__(), __getat-tribute__(), __hash__(),
 __new__(),
 []

[84]
Overfull \hbox (3.93704pt too wide) in paragraph at lines 290--291
[]\T1/lmr/m/n/12 __delattr__(), __for-mat__(), __getat-tribute__(), __hash__(),
 __new__(),
 []

[85]) [86]
\openout2 = `app.modelo.permiso-module.aux'.

 (./app.modelo.permiso-module.tex [87


]
Overfull \hbox (3.93704pt too wide) in paragraph at lines 154--155
[]\T1/lmr/m/n/12 __delattr__(), __for-mat__(), __getat-tribute__(), __hash__(),
 __new__(),
 []


Overfull \hbox (49.67853pt too wide) in paragraph at lines 209--210
\T1/lmtt/m/n/12 <sqlalchemy.orm.attributes.InstrumentedAttribute 
 []

[88]) [89]
\openout2 = `app.modelo.proyecto-module.aux'.

 (./app.modelo.proyecto-module.tex [90


]
Overfull \hbox (3.93704pt too wide) in paragraph at lines 167--168
[]\T1/lmr/m/n/12 __delattr__(), __for-mat__(), __getat-tribute__(), __hash__(),
 __new__(),
 []


Overfull \hbox (49.67853pt too wide) in paragraph at lines 240--241
\T1/lmtt/m/n/12 <sqlalchemy.orm.attributes.InstrumentedAttribute 
 []

[91]) [92]
\openout2 = `app.modelo.rol-module.aux'.

 (./app.modelo.rol-module.tex [93


]
Overfull \hbox (3.93704pt too wide) in paragraph at lines 170--171
[]\T1/lmr/m/n/12 __delattr__(), __for-mat__(), __getat-tribute__(), __hash__(),
 __new__(),
 []


Overfull \hbox (49.67853pt too wide) in paragraph at lines 234--235
\T1/lmtt/m/n/12 <sqlalchemy.orm.attributes.InstrumentedAttribute 
 []

[94]) [95]
\openout2 = `app.modelo.solicitud-module.aux'.

 (./app.modelo.solicitud-module.tex [96


]
Overfull \hbox (3.93704pt too wide) in paragraph at lines 165--166
[]\T1/lmr/m/n/12 __delattr__(), __for-mat__(), __getat-tribute__(), __hash__(),
 __new__(),
 []

[97]) [98]
\openout2 = `app.modelo.usuario-module.aux'.

 (./app.modelo.usuario-module.tex [99


]
Overfull \hbox (3.93704pt too wide) in paragraph at lines 230--231
[]\T1/lmr/m/n/12 __delattr__(), __for-mat__(), __getat-tribute__(), __hash__(),
 __new__(),
 []


Overfull \hbox (49.67853pt too wide) in paragraph at lines 315--316
\T1/lmtt/m/n/12 <sqlalchemy.orm.attributes.InstrumentedAttribute 
 []

[100]) [101]
\openout2 = `app.modelo.voto-module.aux'.

 (./app.modelo.voto-module.tex [102


]
Overfull \hbox (3.93704pt too wide) in paragraph at lines 154--155
[]\T1/lmr/m/n/12 __delattr__(), __for-mat__(), __getat-tribute__(), __hash__(),
 __new__(),
 []

) [103]
\openout2 = `app.models-module.aux'.

 (./app.models-module.tex) [104


]
\openout2 = `app.static-module.aux'.

 (./app.static-module.tex) [105


]
\openout2 = `app.test-module.aux'.


(./app.test-module.tex) [106


]
\openout2 = `app.test.testVarios2-module.aux'.

 (./app.test.testVarios2-module.tex
Overfull \hbox (12.62851pt too wide) in paragraph at lines 36--37
\T1/lmtt/m/n/12 os.path.abspath(os.path.dirname(__file__))|  
 []

) [107


]
\openout2 = `app.testVarios-module.aux'.

 (./app.testVarios-module.tex
Overfull \hbox (3.52373pt too wide) in paragraph at lines 161--162
\T1/lmr/m/n/12 tAl-mostE-quals(), as-sert-Dict-Con-tainsSub-set(), as-sert-Dict
E-qual(), as-sertE-qual(), as-
 []


Overfull \hbox (5.07219pt too wide) in paragraph at lines 161--162
\T1/lmr/m/n/12 Li-neE-qual(), as-sert-No-tAl-mostE-qual(), as-sert-No-tAl-mostE
-quals(), as-sert-NotE-qual(),
 []


Overfull \hbox (10.64465pt too wide) in paragraph at lines 161--162
\T1/lmr/m/n/12 as-sert-NotE-quals(), as-sert-NotIn(), as-sert-No-tIsIn-stance()
, as-sert-NotReg-exp-Matches(),
 []


Overfull \hbox (15.46564pt too wide) in paragraph at lines 161--162
\T1/lmr/m/n/12 as-ser-tRaises(), as-ser-tRais-es-Reg-exp(), as-sertReg-exp-Matc
hes(), as-sert-Se-quenceE-qual(),
 []


Overfull \hbox (1.43767pt too wide) in paragraph at lines 161--162
\T1/lmr/m/n/12 Raises(), id(), run(), se-tUp-Class(), short-De-scrip-tion(), sk
ipTest(), tear-Down-Class() 
 []

[108


]
Overfull \hbox (13.66267pt too wide) in paragraph at lines 167--168
[]\T1/lmr/m/n/12 __delattr__(), __for-mat__(), __getat-tribute__(), __new__(), 
__re-duce__(),
 []

) [109]
\openout2 = `app.views-module.aux'.

 (./app.views-module.tex [110


]) [111]
\openout2 = `app.vista-module.aux'.

 (./app.vista-module.tex
Overfull \hbox (49.67853pt too wide) in paragraph at lines 134--135
\T1/lmtt/m/n/12 engine='postgresql+psycopg2://cristian:usuari...|  
 []

[112


]) [113]
\openout2 = `app.vista.vistaAtributoTI-module.aux'.

 (./app.vista.vistaAtributoTI-module.tex [114


]) [115]
\openout2 = `app.vista.vistaFase-module.aux'.


(./app.vista.vistaFase-module.tex) [116


]
\openout2 = `app.vista.vistaItem-module.aux'.

 (./app.vista.vistaItem-module.tex)
[117


]
\openout2 = `app.vista.vistaPermiso-module.aux'.

 (./app.vista.vistaPermiso-module.tex) [118


]
\openout2 = `app.vista.vistaProyecto-module.aux'.


(./app.vista.vistaProyecto-module.tex) [119


]
\openout2 = `app.vista.vistaRol-module.aux'.

 (./app.vista.vistaRol-module.tex)
[120


]
\openout2 = `app.vista.vistaTI-module.aux'.

 (./app.vista.vistaTI-module.tex) [121


]
\openout2 = `app.vista.vistaUsuario-module.aux'.


(./app.vista.vistaUsuario-module.tex) [122


]
\openout2 = `asignarRol-module.aux'.

 (./asignarRol-module.tex) [123


]
\openout2 = `config-module.aux'.


(./config-module.tex
Overfull \hbox (24.97852pt too wide) in paragraph at lines 43--44
\T1/lmtt/m/n/12 '/home/cristian/git/microblogRepo/microblog'|  
 []


Overfull \hbox (86.72855pt too wide) in paragraph at lines 46--47
\T1/lmtt/m/n/12 'postgresql+psycopg2://cristian:usuario@localhost/app'|  
 []


Overfull \hbox (111.42856pt too wide) in paragraph at lines 51--52
\T1/lmtt/m/n/12 '/home/cristian/git/microblogRepo/microblog/db_repository'|  
 []

) [124


]
\openout2 = `db_create-module.aux'.

 (./db_create-module.tex) [125


]
\openout2 = `db_migrate-module.aux'.

 (./db_migrate-module.tex
Overfull \hbox (123.77856pt too wide) in paragraph at lines 36--37
\T1/lmtt/m/n/12 '/home/cristian/git/microblogRepo/microblog/db_repository...|  

 []

) [126


]
\openout2 = `db_repository-module.aux'.

 (./db_repository-module.tex) [127


]
\openout2 = `db_repository.manage-module.aux'.

 (./db_repository.manage-module.tex)
[128


]
\openout2 = `db_repository.versions-module.aux'.

 (./db_repository.versions-module.tex) [129


]
\openout2 = `db_upgrade-module.aux'.

 (./db_upgrade-module.tex)
[130


]
\openout2 = `deletePermisos-module.aux'.

 (./deletePermisos-module.tex) [131


]
\openout2 = `deleteRol-module.aux'.

 (./deleteRol-module.tex) [132


]
\openout2 = `deleteUsr-module.aux'.


(./deleteUsr-module.tex) [133


]
\openout2 = `run-module.aux'.

 (./run-module.tex) [134


]
\openout2 = `script-microblog_wsgi-module.aux'.


(./script-microblog_wsgi-module.tex) [135


]
\openout2 = `script-microblog_wsgi_-module.aux'.

 (./script-microblog_wsgi_-module.tex) [136


]
\openout2 = `script-microdoc_txt-module.aux'.

 (./script-microdoc_txt-module.tex) [137


]
\openout2 = `script-microdoc_txt_-module.aux'.


(./script-microdoc_txt_-module.tex) [138


]
\openout2 = `script-ss_wsgi_-module.aux'.

 (./script-ss_wsgi_-module.tex)
[139


]
\openout2 = `test-module.aux'.

 (./test-module.tex
Overfull \hbox (3.52373pt too wide) in paragraph at lines 135--136
\T1/lmr/m/n/12 tAl-mostE-quals(), as-sert-Dict-Con-tainsSub-set(), as-sert-Dict
E-qual(), as-sertE-qual(), as-
 []


Overfull \hbox (5.07219pt too wide) in paragraph at lines 135--136
\T1/lmr/m/n/12 Li-neE-qual(), as-sert-No-tAl-mostE-qual(), as-sert-No-tAl-mostE
-quals(), as-sert-NotE-qual(),
 []


Overfull \hbox (10.64465pt too wide) in paragraph at lines 135--136
\T1/lmr/m/n/12 as-sert-NotE-quals(), as-sert-NotIn(), as-sert-No-tIsIn-stance()
, as-sert-NotReg-exp-Matches(),
 []


Overfull \hbox (15.46564pt too wide) in paragraph at lines 135--136
\T1/lmr/m/n/12 as-ser-tRaises(), as-ser-tRais-es-Reg-exp(), as-sertReg-exp-Matc
hes(), as-sert-Se-quenceE-qual(),
 []


Overfull \hbox (1.43767pt too wide) in paragraph at lines 135--136
\T1/lmr/m/n/12 Raises(), id(), run(), se-tUp-Class(), short-De-scrip-tion(), sk
ipTest(), tear-Down-Class() 
 []

[140


]
Overfull \hbox (13.66267pt too wide) in paragraph at lines 141--142
[]\T1/lmr/m/n/12 __delattr__(), __for-mat__(), __getat-tribute__(), __new__(), 
__re-duce__(),
 []

) [141]
\openout2 = `testVarios1-module.aux'.

 (./testVarios1-module.tex
Overfull \hbox (24.97852pt too wide) in paragraph at lines 36--37
\T1/lmtt/m/n/12 '/home/cristian/git/microblogRepo/microblog'|  
 []

[142


]
Overfull \hbox (3.52373pt too wide) in paragraph at lines 164--165
\T1/lmr/m/n/12 tAl-mostE-quals(), as-sert-Dict-Con-tainsSub-set(), as-sert-Dict
E-qual(), as-sertE-qual(), as-
 []


Overfull \hbox (5.07219pt too wide) in paragraph at lines 164--165
\T1/lmr/m/n/12 Li-neE-qual(), as-sert-No-tAl-mostE-qual(), as-sert-No-tAl-mostE
-quals(), as-sert-NotE-qual(),
 []


Overfull \hbox (10.64465pt too wide) in paragraph at lines 164--165
\T1/lmr/m/n/12 as-sert-NotE-quals(), as-sert-NotIn(), as-sert-No-tIsIn-stance()
, as-sert-NotReg-exp-Matches(),
 []


Overfull \hbox (15.46564pt too wide) in paragraph at lines 164--165
\T1/lmr/m/n/12 as-ser-tRaises(), as-ser-tRais-es-Reg-exp(), as-sertReg-exp-Matc
hes(), as-sert-Se-quenceE-qual(),
 []


Overfull \hbox (1.43767pt too wide) in paragraph at lines 164--165
\T1/lmr/m/n/12 Raises(), id(), run(), se-tUp-Class(), short-De-scrip-tion(), sk
ipTest(), tear-Down-Class() 
 []


Overfull \hbox (13.66267pt too wide) in paragraph at lines 170--171
[]\T1/lmr/m/n/12 __delattr__(), __for-mat__(), __getat-tribute__(), __new__(), 
__re-duce__(),
 []

) [143]
\openout2 = `testes-module.aux'.

 (./testes-module.tex) [144


]
\openout2 = `testes.testVarios4-module.aux'.

 (./testes.testVarios4-module.tex
Overfull \hbox (68.20354pt too wide) in paragraph at lines 36--37
\T1/lmtt/m/n/12 '/home/cristian/git/microblogRepo/microblog/testes'|  
 []


Overfull \hbox (3.52373pt too wide) in paragraph at lines 125--126
\T1/lmr/m/n/12 tAl-mostE-quals(), as-sert-Dict-Con-tainsSub-set(), as-sert-Dict
E-qual(), as-sertE-qual(), as-
 []


Overfull \hbox (5.07219pt too wide) in paragraph at lines 125--126
\T1/lmr/m/n/12 Li-neE-qual(), as-sert-No-tAl-mostE-qual(), as-sert-No-tAl-mostE
-quals(), as-sert-NotE-qual(),
 []


Overfull \hbox (10.64465pt too wide) in paragraph at lines 125--126
\T1/lmr/m/n/12 as-sert-NotE-quals(), as-sert-NotIn(), as-sert-No-tIsIn-stance()
, as-sert-NotReg-exp-Matches(),
 []


Overfull \hbox (15.46564pt too wide) in paragraph at lines 125--126
\T1/lmr/m/n/12 as-ser-tRaises(), as-ser-tRais-es-Reg-exp(), as-sertReg-exp-Matc
hes(), as-sert-Se-quenceE-qual(),
 []


Overfull \hbox (1.43767pt too wide) in paragraph at lines 125--126
\T1/lmr/m/n/12 Raises(), id(), run(), se-tUp-Class(), short-De-scrip-tion(), sk
ipTest(), tear-Down-Class() 
 []

[145


]
Overfull \hbox (13.66267pt too wide) in paragraph at lines 131--132
[]\T1/lmr/m/n/12 __delattr__(), __for-mat__(), __getat-tribute__(), __new__(), 
__re-duce__(),
 []

) [146] (./api.ind
Overfull \hbox (8.8783pt too wide) in paragraph at lines 9--11
[]| \T1/lmr/m/n/12 app.controlador.contComite \T1/lmr/m/it/12 (mod-ule)\T1/lmr/
m/n/12 , [][][][][][] 
 []


Overfull \hbox (1.36731pt too wide) in paragraph at lines 13--15
[]| \T1/lmr/m/n/12 app.controlador.contItem \T1/lmr/m/it/12 (mod-ule)\T1/lmr/m/
n/12 , [][][][][][]--
 []


Overfull \hbox (5.10358pt too wide) in paragraph at lines 31--33
[]| \T1/lmr/m/n/12 app.forms.asignar_Permisos \T1/lmr/m/it/12 (class)\T1/lmr/m/
n/12 , [][][][][][]--
 []


Overfull \hbox (12.41396pt too wide) in paragraph at lines 36--38
[]| \T1/lmr/m/n/12 app.forms.comite_CrearForm \T1/lmr/m/it/12 (class)\T1/lmr/m/
n/12 , [][][][][][]--
 []


Overfull \hbox (13.61433pt too wide) in paragraph at lines 38--40
[]| \T1/lmr/m/n/12 app.forms.crear_mod_atributoTI \T1/lmr/m/it/12 (class)\T1/lm
r/m/n/12 ,
 []


Overfull \hbox (2.45718pt too wide) in paragraph at lines 40--42
[]| \T1/lmr/m/n/12 app.forms.crear_mod_item \T1/lmr/m/it/12 (class)\T1/lmr/m/n/
12 , [][][][][][]--
 []


Overfull \hbox (1.31708pt too wide) in paragraph at lines 54--56
[]| \T1/lmr/m/n/12 app.forms.proy_CrearForm \T1/lmr/m/it/12 (class)\T1/lmr/m/n/
12 , [][][][][][]--
 []


Overfull \hbox (8.44943pt too wide) in paragraph at lines 97--99
[]| \T1/lmr/m/n/12 app.views.before_request \T1/lmr/m/it/12 (func-tion)\T1/lmr/
m/n/12 , [][][][][][] 
 []


Overfull \hbox (9.5603pt too wide) in paragraph at lines 102--104
[]| \T1/lmr/m/n/12 app.views.listadoUsuarios \T1/lmr/m/it/12 (func-tion)\T1/lmr
/m/n/12 , [][][][][][] 
 []


Overfull \hbox (3.88136pt too wide) in paragraph at lines 112--114
[]| \T1/lmr/m/n/12 app.views.usr_modificar \T1/lmr/m/it/12 (func-tion)\T1/lmr/m
/n/12 , [][][][][][] 
 []

[147


]
Overfull \hbox (9.3258pt too wide) in paragraph at lines 117--119
[]| \T1/lmr/m/n/12 app.vista.vistaAtributoTI \T1/lmr/m/it/12 (mod-ule)\T1/lmr/m
/n/12 , [][][][][][]--
 []


Overfull \hbox (8.42831pt too wide) in paragraph at lines 167--169
[]| \T1/lmr/m/n/12 test.UsuarioTestCase.login \T1/lmr/m/it/12 (method)\T1/lmr/m
/n/12 , [][][][][][] 
 []


Overfull \hbox (15.73451pt too wide) in paragraph at lines 169--171
[]| \T1/lmr/m/n/12 test.UsuarioTestCase.test_login \T1/lmr/m/it/12 (method)\T1/
lmr/m/n/12 ,
 []


Overfull \hbox (9.30858pt too wide) in paragraph at lines 173--175
[]| \T1/lmr/m/n/12 testes.testVarios4.TestUser2 \T1/lmr/m/it/12 (class)\T1/lmr/
m/n/12 , [][][][][][]--
 []


Overfull \hbox (7.20218pt too wide) in paragraph at lines 178--180
[]| \T1/lmr/m/n/12 test-Var-ios1.TestUser2.testCrearProyecto
 []


Overfull \hbox (28.54338pt too wide) in paragraph at lines 180--182
[]| \T1/lmr/m/n/12 test-Var-ios1.TestUser2.testGuardar \T1/lmr/m/it/12 (method)
\T1/lmr/m/n/12 ,
 []


Overfull \hbox (27.4352pt too wide) in paragraph at lines 182--184
[]| \T1/lmr/m/n/12 test-Var-ios1.TestUser2.testModificarProyecto
 []


Overfull \hbox (22.11333pt too wide) in paragraph at lines 184--186
[]| \T1/lmr/m/n/12 test-Var-ios1.TestUser2.testModificarUsuario
 []

[148])
Package atveryend Info: Empty hook `BeforeClearDocument' on input line 188.
Package atveryend Info: Empty hook `AfterLastShipout' on input line 188.
 (./api.aux (./addAdmin-module.aux) (./addPermisos-module.aux)
(./app-module.aux) (./app.controlador-module.aux)
(./app.controlador.contArchivo-module.aux)
(./app.controlador.contComite-module.aux)
(./app.controlador.contFase-module.aux) (./app.controlador.contItem-module.aux)
(./app.controlador.contPermiso-module.aux)
(./app.controlador.contProy-module.aux) (./app.controlador.contRol-module.aux)
(./app.controlador.contUsr-module.aux) (./app.db_downgrade-module.aux)
(./app.decorators-module.aux) (./app.email-module.aux) (./app.forms-module.aux)
(./app.modelo-module.aux) (./app.modelo.archivo-module.aux)
(./app.modelo.atributo-module.aux) (./app.modelo.comite-module.aux)
(./app.modelo.fase-module.aux) (./app.modelo.historial-module.aux)
(./app.modelo.item-module.aux) (./app.modelo.lineabase-module.aux)
(./app.modelo.permiso-module.aux) (./app.modelo.proyecto-module.aux)
(./app.modelo.rol-module.aux) (./app.modelo.solicitud-module.aux)
(./app.modelo.usuario-module.aux) (./app.modelo.voto-module.aux)
(./app.models-module.aux) (./app.static-module.aux) (./app.test-module.aux)
(./app.test.testVarios2-module.aux) (./app.testVarios-module.aux)
(./app.views-module.aux) (./app.vista-module.aux)
(./app.vista.vistaAtributoTI-module.aux) (./app.vista.vistaFase-module.aux)
(./app.vista.vistaItem-module.aux) (./app.vista.vistaPermiso-module.aux)
(./app.vista.vistaProyecto-module.aux) (./app.vista.vistaRol-module.aux)
(./app.vista.vistaTI-module.aux) (./app.vista.vistaUsuario-module.aux)
(./asignarRol-module.aux) (./config-module.aux) (./db_create-module.aux)
(./db_migrate-module.aux) (./db_repository-module.aux)
(./db_repository.manage-module.aux) (./db_repository.versions-module.aux)
(./db_upgrade-module.aux) (./deletePermisos-module.aux) (./deleteRol-module.aux
) (./deleteUsr-module.aux) (./run-module.aux)
(./script-microblog_wsgi-module.aux) (./script-microblog_wsgi_-module.aux)
(./script-microdoc_txt-module.aux) (./script-microdoc_txt_-module.aux)
(./script-ss_wsgi_-module.aux) (./test-module.aux) (./testVarios1-module.aux)
(./testes-module.aux) (./testes.testVarios4-module.aux))
Package atveryend Info: Empty hook `AtVeryEndDocument' on input line 188.
Package atveryend Info: Executing hook `AtEndAfterFileList' on input line 188.


Package rerunfilecheck Warning: File `api.out' has changed.
(rerunfilecheck)                Rerun to get outlines right
(rerunfilecheck)                or use package `bookmark'.

Package rerunfilecheck Info: Checksums for `api.out':
(rerunfilecheck)             Before: 767A28C1DDFF491E56F8B400E7734515;21444
(rerunfilecheck)             After:  5A9E8237579F9A402E8D6C4D69D398AD;21487.

LaTeX Warning: Label(s) may have changed. Rerun to get cross-references right.

Package atveryend Info: Empty hook `AtVeryVeryEnd' on input line 188.
 ) 
Here is how much of TeX's memory you used:
 7173 strings out of 495060
 115426 string characters out of 3182053
 243180 words of memory out of 3000000
 9776 multiletter control sequences out of 15000+200000
 82378 words of font info for 64 fonts, out of 3000000 for 9000
 14 hyphenation exceptions out of 8191
 36i,12n,43p,1139b,437s stack positions out of 5000i,500n,10000p,200000b,50000s

Output written on api.dvi (148 pages, 744832 bytes).
